<?xml version="1.0" encoding="UTF-8"?>
<!-- Generated by org.testng.reporters.JUnitReportReporter -->
<testsuite hostname="SATYAJIT-PC" name="com.actitime.projectandcustomer.RoughWork1" tests="5" failures="0" timestamp="29 Dec 2016 01:49:06 GMT" time="0.109" errors="0">
  <testcase name="getData" time="0.000" classname="com.actitime.projectandcustomer.RoughWork1"/>
  <testcase name="getData" time="0.000" classname="com.actitime.projectandcustomer.RoughWork1"/>
  <testcase name="getData" time="0.000" classname="com.actitime.projectandcustomer.RoughWork1"/>
  <testcase name="getData" time="0.109" classname="com.actitime.projectandcustomer.RoughWork1"/>
  <testcase name="getData" time="0.000" classname="com.actitime.projectandcustomer.RoughWork1"/>
</testsuite> <!-- com.actitime.projectandcustomer.RoughWork1 -->
